Started GET "/" for 127.0.0.1 at 2024-04-16 14:38:51 -0500
  [1m[35m (7.5ms)[0m  [1m[35mCREATE TABLE "schema_migrations" ("version" varchar NOT NULL PRIMARY KEY)[0m
  [1m[35m (3.5ms)[0m  [1m[35mCREATE TABLE "ar_internal_metadata" ("key" varchar NOT NULL PRIMARY KEY, "value" varchar, "created_at" datetime(6) NOT NULL, "updated_at" datetime(6) NOT NULL)[0m
  [1m[36mActiveRecord::SchemaMigration Pluck (0.1ms)[0m  [1m[34mSELECT "schema_migrations"."version" FROM "schema_migrations" ORDER BY "schema_migrations"."version" ASC[0m
  
ActiveRecord::PendingMigrationError (

Migrations are pending. To resolve this issue, run:

        bin/rails db:migrate RAILS_ENV=development

You have 20 pending migrations:

20230426175817_create_events.rb
20230426195435_add_event_avatar_to_events.rb
20230427005539_add_box_office_to_events.rb
20230429232155_create_seats.rb
20230430063718_create_guests.rb
20230430085955_devise_create_users.rb
20230430160924_add_field_to_user.rb
20230503220422_create_email_services.rb
20230504174857_add_sent_at_and_committed_at_to_email_services.rb
20230505032742_add_event_ref_to_email_services.rb
20230505045543_add_guest_id_to_email_services.rb
20231024144919_add_user_id_to_events.rb
20231024145932_add_column_name_to_users.rb
20231108223237_create_email_templates.rb
20231114205834_add_email_to_guests.rb
20231114210425_add_rsvp_link_to_guests.rb
20231124015935_add_email_template_id_to_email_services.rb
20231124165312_add_rsvp_email_template.rb
20240324054147_add_referral_email_template.rb
20240325163232_create_referrals.rb


):
  
activerecord (7.0.4.3) lib/active_record/migration.rb:627:in `check_pending!'
activerecord (7.0.4.3) lib/active_record/migration.rb:592:in `block (2 levels) in call'
activesupport (7.0.4.3) lib/active_support/file_update_checker.rb:83:in `execute'
activerecord (7.0.4.3) lib/active_record/migration.rb:597:in `block in call'
activerecord (7.0.4.3) lib/active_record/migration.rb:589:in `synchronize'
activerecord (7.0.4.3) lib/active_record/migration.rb:589:in `call'
actionpack (7.0.4.3) lib/action_dispatch/middleware/callbacks.rb:27:in `block in call'
activesupport (7.0.4.3) lib/active_support/callbacks.rb:99:in `run_callbacks'
actionpack (7.0.4.3) lib/action_dispatch/middleware/callbacks.rb:26:in `call'
actionpack (7.0.4.3) lib/action_dispatch/middleware/executor.rb:14:in `call'
actionpack (7.0.4.3) lib/action_dispatch/middleware/actionable_exceptions.rb:17:in `call'
actionpack (7.0.4.3) lib/action_dispatch/middleware/debug_exceptions.rb:28:in `call'
web-console (4.2.0) lib/web_console/middleware.rb:132:in `call_app'
web-console (4.2.0) lib/web_console/middleware.rb:28:in `block in call'
web-console (4.2.0) lib/web_console/middleware.rb:17:in `catch'
web-console (4.2.0) lib/web_console/middleware.rb:17:in `call'
actionpack (7.0.4.3) lib/action_dispatch/middleware/show_exceptions.rb:26:in `call'
railties (7.0.4.3) lib/rails/rack/logger.rb:40:in `call_app'
railties (7.0.4.3) lib/rails/rack/logger.rb:25:in `block in call'
activesupport (7.0.4.3) lib/active_support/tagged_logging.rb:99:in `block in tagged'
activesupport (7.0.4.3) lib/active_support/tagged_logging.rb:37:in `tagged'
activesupport (7.0.4.3) lib/active_support/tagged_logging.rb:99:in `tagged'
railties (7.0.4.3) lib/rails/rack/logger.rb:25:in `call'
sprockets-rails (3.4.2) lib/sprockets/rails/quiet_assets.rb:13:in `call'
actionpack (7.0.4.3) lib/action_dispatch/middleware/remote_ip.rb:93:in `call'
actionpack (7.0.4.3) lib/action_dispatch/middleware/request_id.rb:26:in `call'
rack (2.2.7) lib/rack/method_override.rb:24:in `call'
rack (2.2.7) lib/rack/runtime.rb:22:in `call'
activesupport (7.0.4.3) lib/active_support/cache/strategy/local_cache_middleware.rb:29:in `call'
actionpack (7.0.4.3) lib/action_dispatch/middleware/server_timing.rb:61:in `block in call'
actionpack (7.0.4.3) lib/action_dispatch/middleware/server_timing.rb:26:in `collect_events'
actionpack (7.0.4.3) lib/action_dispatch/middleware/server_timing.rb:60:in `call'
actionpack (7.0.4.3) lib/action_dispatch/middleware/executor.rb:14:in `call'
actionpack (7.0.4.3) lib/action_dispatch/middleware/static.rb:23:in `call'
rack (2.2.7) lib/rack/sendfile.rb:110:in `call'
actionpack (7.0.4.3) lib/action_dispatch/middleware/host_authorization.rb:131:in `call'
railties (7.0.4.3) lib/rails/engine.rb:530:in `call'
puma (5.6.5) lib/puma/configuration.rb:252:in `call'
puma (5.6.5) lib/puma/request.rb:77:in `block in handle_request'
puma (5.6.5) lib/puma/thread_pool.rb:340:in `with_force_shutdown'
puma (5.6.5) lib/puma/request.rb:76:in `handle_request'
puma (5.6.5) lib/puma/server.rb:443:in `process_client'
puma (5.6.5) lib/puma/thread_pool.rb:147:in `block in spawn_thread'
Started POST "/rails/actions" for 127.0.0.1 at 2024-04-16 14:38:53 -0500
  [1m[36mActiveRecord::SchemaMigration Pluck (0.0ms)[0m  [1m[34mSELECT "schema_migrations"."version" FROM "schema_migrations" ORDER BY "schema_migrations"."version" ASC[0m
Migrating to CreateEvents (20230426175817)
  [1m[36mTRANSACTION (0.0ms)[0m  [1m[36mbegin transaction[0m
  [1m[35m (0.2ms)[0m  [1m[35mCREATE TABLE "events" ("id" integer PRIMARY KEY AUTOINCREMENT NOT NULL, "title" varchar, "address" varchar, "description" varchar, "datetime" datetime(6), "last_modified" datetime(6), "created_at" datetime(6) NOT NULL, "updated_at" datetime(6) NOT NULL)[0m
  [1m[36mActiveRecord::SchemaMigration Create (0.1ms)[0m  [1m[32mINSERT INTO "schema_migrations" ("version") VALUES (?)[0m  [["version", "20230426175817"]]
  [1m[36mTRANSACTION (5.2ms)[0m  [1m[36mcommit transaction[0m
Migrating to AddEventAvatarToEvents (20230426195435)
  [1m[36mTRANSACTION (0.1ms)[0m  [1m[36mbegin transaction[0m
  [1m[35m (0.2ms)[0m  [1m[35mALTER TABLE "events" ADD "event_avatar" varchar[0m
  [1m[36mActiveRecord::SchemaMigration Create (0.1ms)[0m  [1m[32mINSERT INTO "schema_migrations" ("version") VALUES (?)[0m  [["version", "20230426195435"]]
  [1m[36mTRANSACTION (3.1ms)[0m  [1m[36mcommit transaction[0m
Migrating to AddBoxOfficeToEvents (20230427005539)
  [1m[36mTRANSACTION (0.0ms)[0m  [1m[36mbegin transaction[0m
  [1m[35m (0.2ms)[0m  [1m[35mALTER TABLE "events" ADD "event_box_office" varchar[0m
  [1m[36mActiveRecord::SchemaMigration Create (0.1ms)[0m  [1m[32mINSERT INTO "schema_migrations" ("version") VALUES (?)[0m  [["version", "20230427005539"]]
  [1m[36mTRANSACTION (2.8ms)[0m  [1m[36mcommit transaction[0m
Migrating to CreateSeats (20230429232155)
  [1m[36mTRANSACTION (0.0ms)[0m  [1m[36mbegin transaction[0m
  [1m[35m (0.2ms)[0m  [1m[35mCREATE TABLE "seats" ("id" integer PRIMARY KEY AUTOINCREMENT NOT NULL, "category" varchar, "total_count" integer, "event_id" integer NOT NULL, "created_at" datetime(6) NOT NULL, "updated_at" datetime(6) NOT NULL, CONSTRAINT "fk_rails_3274511c9d"
FOREIGN KEY ("event_id")
  REFERENCES "events" ("id")
)[0m
  [1m[35m (0.1ms)[0m  [1m[35mCREATE INDEX "index_seats_on_event_id" ON "seats" ("event_id")[0m
  [1m[36mActiveRecord::SchemaMigration Create (0.1ms)[0m  [1m[32mINSERT INTO "schema_migrations" ("version") VALUES (?)[0m  [["version", "20230429232155"]]
  [1m[36mTRANSACTION (3.6ms)[0m  [1m[36mcommit transaction[0m
Migrating to CreateGuests (20230430063718)
  [1m[36mTRANSACTION (0.1ms)[0m  [1m[36mbegin transaction[0m
  [1m[35m (0.3ms)[0m  [1m[35mCREATE TABLE "guests" ("id" integer PRIMARY KEY AUTOINCREMENT NOT NULL, "first_name" varchar, "last_name" varchar, "affiliation" varchar, "category" varchar, "alloted_seats" integer, "commited_seats" integer, "guest_commited" integer, "status" boolean, "event_id" integer NOT NULL, "created_at" datetime(6) NOT NULL, "updated_at" datetime(6) NOT NULL, CONSTRAINT "fk_rails_64ecc46b69"
FOREIGN KEY ("event_id")
  REFERENCES "events" ("id")
)[0m
  [1m[35m (0.1ms)[0m  [1m[35mCREATE INDEX "index_guests_on_event_id" ON "guests" ("event_id")[0m
  [1m[36mActiveRecord::SchemaMigration Create (0.1ms)[0m  [1m[32mINSERT INTO "schema_migrations" ("version") VALUES (?)[0m  [["version", "20230430063718"]]
  [1m[36mTRANSACTION (4.3ms)[0m  [1m[36mcommit transaction[0m
Migrating to DeviseCreateUsers (20230430085955)
  [1m[36mTRANSACTION (0.0ms)[0m  [1m[36mbegin transaction[0m
  [1m[35m (0.2ms)[0m  [1m[35mCREATE TABLE "users" ("id" integer PRIMARY KEY AUTOINCREMENT NOT NULL, "email" varchar DEFAULT '' NOT NULL, "encrypted_password" varchar DEFAULT '' NOT NULL, "reset_password_token" varchar, "reset_password_sent_at" datetime(6), "remember_created_at" datetime(6), "created_at" datetime(6) NOT NULL, "updated_at" datetime(6) NOT NULL)[0m
  [1m[35m (0.1ms)[0m  [1m[35mCREATE UNIQUE INDEX "index_users_on_email" ON "users" ("email")[0m
  [1m[35m (0.1ms)[0m  [1m[35mCREATE UNIQUE INDEX "index_users_on_reset_password_token" ON "users" ("reset_password_token")[0m
  [1m[36mActiveRecord::SchemaMigration Create (0.1ms)[0m  [1m[32mINSERT INTO "schema_migrations" ("version") VALUES (?)[0m  [["version", "20230430085955"]]
  [1m[36mTRANSACTION (4.1ms)[0m  [1m[36mcommit transaction[0m
Migrating to AddFieldToUser (20230430160924)
  [1m[36mTRANSACTION (0.0ms)[0m  [1m[36mbegin transaction[0m
  [1m[35m (0.3ms)[0m  [1m[35mALTER TABLE "users" ADD "provider" varchar[0m
  [1m[35m (0.2ms)[0m  [1m[35mALTER TABLE "users" ADD "uid" varchar[0m
  [1m[36mActiveRecord::SchemaMigration Create (0.1ms)[0m  [1m[32mINSERT INTO "schema_migrations" ("version") VALUES (?)[0m  [["version", "20230430160924"]]
  [1m[36mTRANSACTION (2.6ms)[0m  [1m[36mcommit transaction[0m
Migrating to CreateEmailServices (20230503220422)
  [1m[36mTRANSACTION (0.0ms)[0m  [1m[36mbegin transaction[0m
  [1m[35m (0.1ms)[0m  [1m[35mCREATE TABLE "email_services" ("id" integer PRIMARY KEY AUTOINCREMENT NOT NULL, "to" varchar, "subject" varchar, "body" text, "created_at" datetime(6) NOT NULL, "updated_at" datetime(6) NOT NULL)[0m
  [1m[36mActiveRecord::SchemaMigration Create (0.1ms)[0m  [1m[32mINSERT INTO "schema_migrations" ("version") VALUES (?)[0m  [["version", "20230503220422"]]
  [1m[36mTRANSACTION (3.5ms)[0m  [1m[36mcommit transaction[0m
Migrating to AddSentAtAndCommittedAtToEmailServices (20230504174857)
  [1m[36mTRANSACTION (0.0ms)[0m  [1m[36mbegin transaction[0m
  [1m[35m (0.2ms)[0m  [1m[35mALTER TABLE "email_services" ADD "sent_at" datetime(6)[0m
  [1m[35m (0.2ms)[0m  [1m[35mALTER TABLE "email_services" ADD "committed_at" datetime(6)[0m
  [1m[36mActiveRecord::SchemaMigration Create (0.1ms)[0m  [1m[32mINSERT INTO "schema_migrations" ("version") VALUES (?)[0m  [["version", "20230504174857"]]
  [1m[36mTRANSACTION (3.2ms)[0m  [1m[36mcommit transaction[0m
Migrating to AddEventRefToEmailServices (20230505032742)
  [1m[36mTRANSACTION (0.0ms)[0m  [1m[36mbegin transaction[0m
  [1m[35m (0.7ms)[0m  [1m[35mALTER TABLE "email_services" ADD "event_id" integer[0m
  [1m[35m (0.1ms)[0m  [1m[35mCREATE INDEX "index_email_services_on_event_id" ON "email_services" ("event_id")[0m
  [1m[35m (0.0ms)[0m  [1m[35mPRAGMA foreign_keys[0m
  [1m[35m (0.0ms)[0m  [1m[35mPRAGMA defer_foreign_keys[0m
  [1m[35m (0.0ms)[0m  [1m[35mPRAGMA defer_foreign_keys = ON[0m
  [1m[35m (0.0ms)[0m  [1m[35mPRAGMA foreign_keys = OFF[0m
  [1m[35m (0.1ms)[0m  [1m[35mCREATE TEMPORARY TABLE "aemail_services" ("id" integer NOT NULL PRIMARY KEY, "to" varchar DEFAULT NULL, "subject" varchar DEFAULT NULL, "body" text DEFAULT NULL, "created_at" datetime(6) NOT NULL, "updated_at" datetime(6) NOT NULL, "sent_at" datetime(6) DEFAULT NULL, "committed_at" datetime(6) DEFAULT NULL, "event_id" integer DEFAULT NULL)[0m
  [1m[35m (0.1ms)[0m  [1m[35mCREATE INDEX "tindex_aemail_services_on_event_id" ON "aemail_services" ("event_id")[0m
  [1m[35m (0.1ms)[0m  [1m[32mINSERT INTO "aemail_services" ("id","to","subject","body","created_at","updated_at","sent_at","committed_at","event_id")
                     SELECT "id","to","subject","body","created_at","updated_at","sent_at","committed_at","event_id" FROM "email_services"[0m
  [1m[35m (0.2ms)[0m  [1m[35mDROP TABLE "email_services"[0m
  [1m[35m (0.1ms)[0m  [1m[35mCREATE TABLE "email_services" ("id" integer NOT NULL PRIMARY KEY, "to" varchar DEFAULT NULL, "subject" varchar DEFAULT NULL, "body" text DEFAULT NULL, "created_at" datetime(6) NOT NULL, "updated_at" datetime(6) NOT NULL, "sent_at" datetime(6) DEFAULT NULL, "committed_at" datetime(6) DEFAULT NULL, "event_id" integer DEFAULT NULL, CONSTRAINT "fk_rails_3811b0326b"
FOREIGN KEY ("event_id")
  REFERENCES "events" ("id")
)[0m
  [1m[35m (0.1ms)[0m  [1m[35mCREATE INDEX "index_email_services_on_event_id" ON "email_services" ("event_id")[0m
  [1m[35m (0.0ms)[0m  [1m[32mINSERT INTO "email_services" ("id","to","subject","body","created_at","updated_at","sent_at","committed_at","event_id")
                     SELECT "id","to","subject","body","created_at","updated_at","sent_at","committed_at","event_id" FROM "aemail_services"[0m
  [1m[35m (0.1ms)[0m  [1m[35mDROP TABLE "aemail_services"[0m
  [1m[35m (0.0ms)[0m  [1m[35mPRAGMA defer_foreign_keys = 0[0m
  [1m[35m (0.0ms)[0m  [1m[35mPRAGMA foreign_keys = 1[0m
  [1m[36mActiveRecord::SchemaMigration Create (0.1ms)[0m  [1m[32mINSERT INTO "schema_migrations" ("version") VALUES (?)[0m  [["version", "20230505032742"]]
  [1m[36mTRANSACTION (5.0ms)[0m  [1m[36mcommit transaction[0m
Migrating to AddGuestIdToEmailServices (20230505045543)
  [1m[36mTRANSACTION (0.0ms)[0m  [1m[36mbegin transaction[0m
  [1m[35m (0.3ms)[0m  [1m[35mALTER TABLE "email_services" ADD "guest_id" integer[0m
  [1m[35m (0.1ms)[0m  [1m[35mCREATE INDEX "index_email_services_on_guest_id" ON "email_services" ("guest_id")[0m
  [1m[35m (0.0ms)[0m  [1m[35mPRAGMA foreign_keys[0m
  [1m[35m (0.0ms)[0m  [1m[35mPRAGMA defer_foreign_keys[0m
  [1m[35m (0.0ms)[0m  [1m[35mPRAGMA defer_foreign_keys = ON[0m
  [1m[35m (0.0ms)[0m  [1m[35mPRAGMA foreign_keys = OFF[0m
  [1m[35m (0.1ms)[0m  [1m[35mCREATE TEMPORARY TABLE "aemail_services" ("id" integer NOT NULL PRIMARY KEY, "to" varchar DEFAULT NULL, "subject" varchar DEFAULT NULL, "body" text DEFAULT NULL, "created_at" datetime(6) NOT NULL, "updated_at" datetime(6) NOT NULL, "sent_at" datetime(6) DEFAULT NULL, "committed_at" datetime(6) DEFAULT NULL, "event_id" integer DEFAULT NULL, "guest_id" integer DEFAULT NULL)[0m
  [1m[35m (0.3ms)[0m  [1m[35mCREATE INDEX "tindex_aemail_services_on_guest_id" ON "aemail_services" ("guest_id")[0m
  [1m[35m (0.2ms)[0m  [1m[35mCREATE INDEX "tindex_aemail_services_on_event_id" ON "aemail_services" ("event_id")[0m
  [1m[35m (0.0ms)[0m  [1m[32mINSERT INTO "aemail_services" ("id","to","subject","body","created_at","updated_at","sent_at","committed_at","event_id","guest_id")
                     SELECT "id","to","subject","body","created_at","updated_at","sent_at","committed_at","event_id","guest_id" FROM "email_services"[0m
  [1m[35m (0.3ms)[0m  [1m[35mDROP TABLE "email_services"[0m
  [1m[35m (0.1ms)[0m  [1m[35mCREATE TABLE "email_services" ("id" integer NOT NULL PRIMARY KEY, "to" varchar DEFAULT NULL, "subject" varchar DEFAULT NULL, "body" text DEFAULT NULL, "created_at" datetime(6) NOT NULL, "updated_at" datetime(6) NOT NULL, "sent_at" datetime(6) DEFAULT NULL, "committed_at" datetime(6) DEFAULT NULL, "event_id" integer DEFAULT NULL, "guest_id" integer DEFAULT NULL, CONSTRAINT "fk_rails_3811b0326b"
FOREIGN KEY ("event_id")
  REFERENCES "events" ("id")
, CONSTRAINT "fk_rails_60da4082dc"
FOREIGN KEY ("guest_id")
  REFERENCES "guests" ("id")
)[0m
  [1m[35m (0.1ms)[0m  [1m[35mCREATE INDEX "index_email_services_on_event_id" ON "email_services" ("event_id")[0m
  [1m[35m (0.1ms)[0m  [1m[35mCREATE INDEX "index_email_services_on_guest_id" ON "email_services" ("guest_id")[0m
  [1m[35m (0.0ms)[0m  [1m[32mINSERT INTO "email_services" ("id","to","subject","body","created_at","updated_at","sent_at","committed_at","event_id","guest_id")
                     SELECT "id","to","subject","body","created_at","updated_at","sent_at","committed_at","event_id","guest_id" FROM "aemail_services"[0m
  [1m[35m (0.1ms)[0m  [1m[35mDROP TABLE "aemail_services"[0m
  [1m[35m (0.0ms)[0m  [1m[35mPRAGMA defer_foreign_keys = 0[0m
  [1m[35m (0.0ms)[0m  [1m[35mPRAGMA foreign_keys = 1[0m
  [1m[36mActiveRecord::SchemaMigration Create (0.1ms)[0m  [1m[32mINSERT INTO "schema_migrations" ("version") VALUES (?)[0m  [["version", "20230505045543"]]
  [1m[36mTRANSACTION (5.5ms)[0m  [1m[36mcommit transaction[0m
Migrating to AddUserIdToEvents (20231024144919)
  [1m[36mTRANSACTION (0.1ms)[0m  [1m[36mbegin transaction[0m
  [1m[35m (0.4ms)[0m  [1m[35mALTER TABLE "events" ADD "user_id" integer DEFAULT 1[0m
  [1m[35m (0.1ms)[0m  [1m[35mCREATE INDEX "index_events_on_user_id" ON "events" ("user_id")[0m
  [1m[35m (0.0ms)[0m  [1m[35mPRAGMA foreign_keys[0m
  [1m[35m (0.0ms)[0m  [1m[35mPRAGMA defer_foreign_keys[0m
  [1m[35m (0.0ms)[0m  [1m[35mPRAGMA defer_foreign_keys = ON[0m
  [1m[35m (0.0ms)[0m  [1m[35mPRAGMA foreign_keys = OFF[0m
  [1m[35m (0.1ms)[0m  [1m[35mCREATE TEMPORARY TABLE "aevents" ("id" integer NOT NULL PRIMARY KEY, "title" varchar DEFAULT NULL, "address" varchar DEFAULT NULL, "description" varchar DEFAULT NULL, "datetime" datetime(6) DEFAULT NULL, "last_modified" datetime(6) DEFAULT NULL, "created_at" datetime(6) NOT NULL, "updated_at" datetime(6) NOT NULL, "event_avatar" varchar DEFAULT NULL, "event_box_office" varchar DEFAULT NULL, "user_id" integer DEFAULT 1)[0m
  [1m[35m (0.1ms)[0m  [1m[35mCREATE INDEX "tindex_aevents_on_user_id" ON "aevents" ("user_id")[0m
  [1m[35m (0.0ms)[0m  [1m[32mINSERT INTO "aevents" ("id","title","address","description","datetime","last_modified","created_at","updated_at","event_avatar","event_box_office","user_id")
                     SELECT "id","title","address","description","datetime","last_modified","created_at","updated_at","event_avatar","event_box_office","user_id" FROM "events"[0m
  [1m[35m (0.1ms)[0m  [1m[35mDROP TABLE "events"[0m
  [1m[35m (0.1ms)[0m  [1m[35mCREATE TABLE "events" ("id" integer NOT NULL PRIMARY KEY, "title" varchar DEFAULT NULL, "address" varchar DEFAULT NULL, "description" varchar DEFAULT NULL, "datetime" datetime(6) DEFAULT NULL, "last_modified" datetime(6) DEFAULT NULL, "created_at" datetime(6) NOT NULL, "updated_at" datetime(6) NOT NULL, "event_avatar" varchar DEFAULT NULL, "event_box_office" varchar DEFAULT NULL, "user_id" integer DEFAULT 1, CONSTRAINT "fk_rails_0cb5590091"
FOREIGN KEY ("user_id")
  REFERENCES "users" ("id")
)[0m
  [1m[35m (0.1ms)[0m  [1m[35mCREATE INDEX "index_events_on_user_id" ON "events" ("user_id")[0m
  [1m[35m (0.1ms)[0m  [1m[32mINSERT INTO "events" ("id","title","address","description","datetime","last_modified","created_at","updated_at","event_avatar","event_box_office","user_id")
                     SELECT "id","title","address","description","datetime","last_modified","created_at","updated_at","event_avatar","event_box_office","user_id" FROM "aevents"[0m
  [1m[35m (0.1ms)[0m  [1m[35mDROP TABLE "aevents"[0m
  [1m[35m (0.0ms)[0m  [1m[35mPRAGMA defer_foreign_keys = 0[0m
  [1m[35m (0.0ms)[0m  [1m[35mPRAGMA foreign_keys = 1[0m
  [1m[35m (0.0ms)[0m  [1m[35mPRAGMA foreign_keys[0m
  [1m[35m (0.0ms)[0m  [1m[35mPRAGMA defer_foreign_keys[0m
  [1m[35m (0.0ms)[0m  [1m[35mPRAGMA defer_foreign_keys = ON[0m
  [1m[35m (0.1ms)[0m  [1m[35mPRAGMA foreign_keys = OFF[0m
  [1m[35m (0.1ms)[0m  [1m[35mCREATE TEMPORARY TABLE "aevents" ("id" integer NOT NULL PRIMARY KEY, "title" varchar DEFAULT NULL, "address" varchar DEFAULT NULL, "description" varchar DEFAULT NULL, "datetime" datetime(6) DEFAULT NULL, "last_modified" datetime(6) DEFAULT NULL, "created_at" datetime(6) NOT NULL, "updated_at" datetime(6) NOT NULL, "event_avatar" varchar DEFAULT NULL, "event_box_office" varchar DEFAULT NULL, "user_id" integer DEFAULT 1)[0m
  [1m[35m (0.1ms)[0m  [1m[35mCREATE INDEX "tindex_aevents_on_user_id" ON "aevents" ("user_id")[0m
  [1m[35m (0.0ms)[0m  [1m[32mINSERT INTO "aevents" ("id","title","address","description","datetime","last_modified","created_at","updated_at","event_avatar","event_box_office","user_id")
                     SELECT "id","title","address","description","datetime","last_modified","created_at","updated_at","event_avatar","event_box_office","user_id" FROM "events"[0m
  [1m[35m (0.1ms)[0m  [1m[35mDROP TABLE "events"[0m
  [1m[35m (0.1ms)[0m  [1m[35mCREATE TABLE "events" ("id" integer NOT NULL PRIMARY KEY, "title" varchar DEFAULT NULL, "address" varchar DEFAULT NULL, "description" varchar DEFAULT NULL, "datetime" datetime(6) DEFAULT NULL, "last_modified" datetime(6) DEFAULT NULL, "created_at" datetime(6) NOT NULL, "updated_at" datetime(6) NOT NULL, "event_avatar" varchar DEFAULT NULL, "event_box_office" varchar DEFAULT NULL, "user_id" integer DEFAULT 1, CONSTRAINT "fk_rails_0cb5590091"
FOREIGN KEY ("user_id")
  REFERENCES "users" ("id")
)[0m
  [1m[35m (0.1ms)[0m  [1m[35mCREATE INDEX "index_events_on_user_id" ON "events" ("user_id")[0m
  [1m[35m (0.0ms)[0m  [1m[32mINSERT INTO "events" ("id","title","address","description","datetime","last_modified","created_at","updated_at","event_avatar","event_box_office","user_id")
                     SELECT "id","title","address","description","datetime","last_modified","created_at","updated_at","event_avatar","event_box_office","user_id" FROM "aevents"[0m
  [1m[35m (0.1ms)[0m  [1m[35mDROP TABLE "aevents"[0m
  [1m[35m (0.0ms)[0m  [1m[35mPRAGMA defer_foreign_keys = 0[0m
  [1m[35m (0.0ms)[0m  [1m[35mPRAGMA foreign_keys = 1[0m
  [1m[36mActiveRecord::SchemaMigration Create (0.1ms)[0m  [1m[32mINSERT INTO "schema_migrations" ("version") VALUES (?)[0m  [["version", "20231024144919"]]
  [1m[36mTRANSACTION (4.5ms)[0m  [1m[36mcommit transaction[0m
Migrating to AddColumnNameToUsers (20231024145932)
  [1m[36mTRANSACTION (0.1ms)[0m  [1m[36mbegin transaction[0m
  [1m[35m (0.3ms)[0m  [1m[35mALTER TABLE "users" ADD "name" varchar[0m
  [1m[36mActiveRecord::SchemaMigration Create (0.1ms)[0m  [1m[32mINSERT INTO "schema_migrations" ("version") VALUES (?)[0m  [["version", "20231024145932"]]
  [1m[36mTRANSACTION (3.4ms)[0m  [1m[36mcommit transaction[0m
Migrating to CreateEmailTemplates (20231108223237)
  [1m[36mTRANSACTION (0.1ms)[0m  [1m[36mbegin transaction[0m
  [1m[35m (0.2ms)[0m  [1m[35mCREATE TABLE "email_templates" ("id" integer PRIMARY KEY AUTOINCREMENT NOT NULL, "name" varchar NOT NULL, "subject" text, "body" text NOT NULL, "created_at" datetime(6) NOT NULL, "updated_at" datetime(6) NOT NULL)[0m
  [1m[36mActiveRecord::SchemaMigration Create (0.3ms)[0m  [1m[32mINSERT INTO "schema_migrations" ("version") VALUES (?)[0m  [["version", "20231108223237"]]
  [1m[36mTRANSACTION (3.5ms)[0m  [1m[36mcommit transaction[0m
Migrating to AddEmailToGuests (20231114205834)
  [1m[36mTRANSACTION (0.0ms)[0m  [1m[36mbegin transaction[0m
  [1m[35m (0.3ms)[0m  [1m[35mALTER TABLE "guests" ADD "email" varchar[0m
  [1m[36mActiveRecord::SchemaMigration Create (0.1ms)[0m  [1m[32mINSERT INTO "schema_migrations" ("version") VALUES (?)[0m  [["version", "20231114205834"]]
  [1m[36mTRANSACTION (3.2ms)[0m  [1m[36mcommit transaction[0m
Migrating to AddRsvpLinkToGuests (20231114210425)
  [1m[36mTRANSACTION (0.0ms)[0m  [1m[36mbegin transaction[0m
  [1m[35m (0.3ms)[0m  [1m[35mALTER TABLE "guests" ADD "rsvp_link" varchar[0m
  [1m[36mActiveRecord::SchemaMigration Create (0.1ms)[0m  [1m[32mINSERT INTO "schema_migrations" ("version") VALUES (?)[0m  [["version", "20231114210425"]]
  [1m[36mTRANSACTION (2.7ms)[0m  [1m[36mcommit transaction[0m
Migrating to AddEmailTemplateIdToEmailServices (20231124015935)
  [1m[36mTRANSACTION (0.0ms)[0m  [1m[36mbegin transaction[0m
  [1m[35m (0.2ms)[0m  [1m[35mALTER TABLE "email_services" ADD "email_template_id" integer[0m
  [1m[36mActiveRecord::SchemaMigration Create (0.1ms)[0m  [1m[32mINSERT INTO "schema_migrations" ("version") VALUES (?)[0m  [["version", "20231124015935"]]
  [1m[36mTRANSACTION (3.5ms)[0m  [1m[36mcommit transaction[0m
Migrating to AddRsvpEmailTemplate (20231124165312)
  [1m[36mTRANSACTION (0.1ms)[0m  [1m[36mbegin transaction[0m
  [1m[36mEmailTemplate Create (0.1ms)[0m  [1m[32mINSERT INTO "email_templates" ("name", "subject", "body", "created_at", "updated_at") VALUES (?, ?, ?, ?, ?)[0m  [["name", "RSVP_Invitation"], ["subject", "RSVP Invitation"], ["body", "<!DOCTYPE html>\n<html>\n<head>\n  <meta content='text/html; charset=UTF-8' http-equiv='Content-Type' />\n</head>\n<body style=\"background-color: white;\">\n  <table align=\"center\" border=\"0\" cellpadding=\"0\" cellspacing=\"0\" width=\"1200\" style=\"border:2px solid black\">\n    <tbody>\n      <tr style=\"height: 100px;\">\n        <td align=\"center\" style=\"border: none; padding-right: 80px;padding-left:60px\">\n          <p style=\"color: palevioletred;font-size: 32px\"><strong><%= @event.title %></strong></p>\n        </td>\n      </tr>\n      <tr style=\"display: inline-block;\">\n        <td style=\"height: 100px; padding: 40px; border: none;\">\n          <p class=\"data\" style=\"text-align: justify-all; align-items: center; font-size: 15px; font-family: Comic Sans MS, Comic Sans, cursive; padding-bottom: 12px; color: black\"> Hi <%= @guest.first_name %> <%= @guest.last_name %>, <br> <br>You are invited to <%= @event.title %>.</br> <br> <br><strong>TO FOLLOW:</strong></br> </p>\n          <div class=\"ticket\">\n            <p><b><strong>Event date: </strong><%= @event.datetime %></b></p>\n            <p><strong>About Event:</strong> <%= @event.description %></p>\n            <p><strong><%= @event.address %></p>\n          </div>\n          <p> <br> <a href='<%= @rsvp_url %>' style=\"text-decoration: none; color:black; border: 2px solid #b94c4c; padding: 10px 30px; font-weight: bold;\"> RSVP </a> </p>\n          <p style=\"color: black; font-family: Comic Sans MS, Comic Sans, cursive; font-size: 15px;\"> <br> Looking forward to seeing you there! </p>\n        </td>\n      </tr>\n    </tbody>\n  </table>\n</body>\n</html>\n"], ["created_at", "2024-04-16 19:38:53.872173"], ["updated_at", "2024-04-16 19:38:53.872173"]]
  [1m[36mActiveRecord::SchemaMigration Create (0.1ms)[0m  [1m[32mINSERT INTO "schema_migrations" ("version") VALUES (?)[0m  [["version", "20231124165312"]]
  [1m[36mTRANSACTION (2.8ms)[0m  [1m[36mcommit transaction[0m
Migrating to AddReferralEmailTemplate (20240324054147)
  [1m[36mTRANSACTION (0.0ms)[0m  [1m[36mbegin transaction[0m
  [1m[36mEmailTemplate Create (0.1ms)[0m  [1m[32mINSERT INTO "email_templates" ("name", "subject", "body", "created_at", "updated_at") VALUES (?, ?, ?, ?, ?)[0m  [["name", "Referral Invitation"], ["subject", "Invite Your Friends!"], ["body", "Hello, <br>Invite your friends using this link: <a href=\"PLACEHOLDER_LINK\">Refer a friend</a>.<br>Best,"], ["created_at", "2024-04-16 19:38:53.877999"], ["updated_at", "2024-04-16 19:38:53.877999"]]
  [1m[36mActiveRecord::SchemaMigration Create (0.1ms)[0m  [1m[32mINSERT INTO "schema_migrations" ("version") VALUES (?)[0m  [["version", "20240324054147"]]
  [1m[36mTRANSACTION (2.8ms)[0m  [1m[36mcommit transaction[0m
Migrating to CreateReferrals (20240325163232)
  [1m[36mTRANSACTION (0.0ms)[0m  [1m[36mbegin transaction[0m
  [1m[35m (0.2ms)[0m  [1m[35mCREATE TABLE "referrals" ("id" integer PRIMARY KEY AUTOINCREMENT NOT NULL, "event_id" integer, "guest_id" integer, "email" varchar NOT NULL, "name" varchar NOT NULL, "referred" varchar NOT NULL, "status" varchar DEFAULT 'f', "tickets" integer DEFAULT 0, "amount" float DEFAULT 0.0, "reward_method" varchar DEFAULT 'reward/ticket', "reward_input" float DEFAULT 0.0, "reward_value" float DEFAULT 0.0, "ref_code" integer NOT NULL, "created_at" datetime(6) NOT NULL, "updated_at" datetime(6) NOT NULL)[0m
  [1m[35m (0.1ms)[0m  [1m[35mCREATE INDEX "index_referrals_on_event_id" ON "referrals" ("event_id")[0m
  [1m[35m (0.1ms)[0m  [1m[35mCREATE INDEX "index_referrals_on_guest_id" ON "referrals" ("guest_id")[0m
  [1m[36mActiveRecord::SchemaMigration Create (0.1ms)[0m  [1m[32mINSERT INTO "schema_migrations" ("version") VALUES (?)[0m  [["version", "20240325163232"]]
  [1m[36mTRANSACTION (3.6ms)[0m  [1m[36mcommit transaction[0m
  [1m[36mActiveRecord::InternalMetadata Load (0.1ms)[0m  [1m[34mSELECT "ar_internal_metadata".* FROM "ar_internal_metadata" WHERE "ar_internal_metadata"."key" = ? LIMIT ?[0m  [["key", "environment"], ["LIMIT", 1]]
  [1m[36mTRANSACTION (0.1ms)[0m  [1m[36mbegin transaction[0m
  [1m[36mActiveRecord::InternalMetadata Create (0.2ms)[0m  [1m[32mINSERT INTO "ar_internal_metadata" ("key", "value", "created_at", "updated_at") VALUES (?, ?, ?, ?)[0m  [["key", "environment"], ["value", "development"], ["created_at", "2024-04-16 19:38:53.897192"], ["updated_at", "2024-04-16 19:38:53.897192"]]
  [1m[36mTRANSACTION (3.4ms)[0m  [1m[36mcommit transaction[0m
  [1m[36mActiveRecord::SchemaMigration Pluck (0.1ms)[0m  [1m[34mSELECT "schema_migrations"."version" FROM "schema_migrations" ORDER BY "schema_migrations"."version" ASC[0m
Started GET "/" for 127.0.0.1 at 2024-04-16 14:38:53 -0500
  [1m[36mActiveRecord::SchemaMigration Pluck (0.1ms)[0m  [1m[34mSELECT "schema_migrations"."version" FROM "schema_migrations" ORDER BY "schema_migrations"."version" ASC[0m
Processing by HomeController#index as HTML
  Rendering layout layouts/application.html.erb
  Rendering home/index.html.erb within layouts/application
  Rendered home/index.html.erb within layouts/application (Duration: 2.8ms | Allocations: 1004)
  Rendered shared/_user_detail.html.erb (Duration: 1.7ms | Allocations: 445)
  Rendered layout layouts/application.html.erb (Duration: 180.2ms | Allocations: 90601)
Completed 200 OK in 186ms (Views: 181.3ms | ActiveRecord: 0.0ms | Allocations: 93475)


Started GET "/users/sign_in" for 127.0.0.1 at 2024-04-16 14:38:55 -0500
Processing by Devise::SessionsController#new as HTML
  Rendering layout layouts/application.html.erb
  Rendering devise/sessions/new.html.erb within layouts/application
  Rendered devise/shared/_links.html.erb (Duration: 2.2ms | Allocations: 1016)
  Rendered devise/sessions/new.html.erb within layouts/application (Duration: 26.1ms | Allocations: 8178)
  Rendered shared/_user_detail.html.erb (Duration: 0.1ms | Allocations: 55)
  Rendered layout layouts/application.html.erb (Duration: 27.9ms | Allocations: 10464)
Completed 200 OK in 36ms (Views: 29.3ms | ActiveRecord: 0.3ms | Allocations: 17640)


Started GET "/users/sign_up" for 127.0.0.1 at 2024-04-16 14:38:57 -0500
Processing by Devise::RegistrationsController#new as HTML
  Rendering layout layouts/application.html.erb
  Rendering devise/registrations/new.html.erb within layouts/application
  Rendered devise/shared/_error_messages.html.erb (Duration: 1.1ms | Allocations: 233)
  Rendered devise/shared/_links.html.erb (Duration: 0.7ms | Allocations: 380)
  Rendered devise/registrations/new.html.erb within layouts/application (Duration: 11.2ms | Allocations: 2809)
  Rendered shared/_user_detail.html.erb (Duration: 0.3ms | Allocations: 55)
  Rendered layout layouts/application.html.erb (Duration: 24.1ms | Allocations: 5102)
Completed 200 OK in 29ms (Views: 26.2ms | ActiveRecord: 0.0ms | Allocations: 6185)


Started POST "/users" for 127.0.0.1 at 2024-04-16 14:39:09 -0500
Processing by Devise::RegistrationsController#create as TURBO_STREAM
  Parameters: {"authenticity_token"=>"[FILTERED]", "user"=>{"name"=>"xyz", "email"=>"xyz@example.com", "password"=>"[FILTERED]", "password_confirmation"=>"[FILTERED]"}, "commit"=>"Sign up"}
[31mUnpermitted parameter: :name. Context: { controller: Devise::RegistrationsController, action: create, request: #<ActionDispatch::Request:0x00007fe2dba792f0>, params: {"authenticity_token"=>"[FILTERED]", "user"=>{"name"=>"xyz", "email"=>"xyz@example.com", "password"=>"[FILTERED]", "password_confirmation"=>"[FILTERED]"}, "commit"=>"Sign up", "controller"=>"devise/registrations", "action"=>"create"} }[0m
  [1m[36mTRANSACTION (0.1ms)[0m  [1m[36mbegin transaction[0m
  [1m[36mUser Exists? (0.1ms)[0m  [1m[34mSELECT 1 AS one FROM "users" WHERE "users"."email" = ? LIMIT ?[0m  [["email", "xyz@example.com"], ["LIMIT", 1]]
  [1m[36mUser Create (0.2ms)[0m  [1m[32mINSERT INTO "users" ("email", "encrypted_password", "reset_password_token", "reset_password_sent_at", "remember_created_at", "created_at", "updated_at", "provider", "uid", "name") VALUES (?, ?, ?, ?, ?, ?, ?, ?, ?, ?)[0m  [["email", "xyz@example.com"], ["encrypted_password", "[FILTERED]"], ["reset_password_token", "[FILTERED]"], ["reset_password_sent_at", "[FILTERED]"], ["remember_created_at", nil], ["created_at", "2024-04-16 19:39:09.827960"], ["updated_at", "2024-04-16 19:39:09.827960"], ["provider", nil], ["uid", nil], ["name", nil]]
  [1m[36mTRANSACTION (16.5ms)[0m  [1m[36mcommit transaction[0m
Redirected to http://127.0.0.1:3000/events
Completed 303 See Other in 229ms (ActiveRecord: 16.9ms | Allocations: 8921)


Started GET "/events" for 127.0.0.1 at 2024-04-16 14:39:09 -0500
Processing by EventsController#index as TURBO_STREAM
  [1m[36mUser Load (0.2ms)[0m  [1m[34mSELECT "users".* FROM "users" WHERE "users"."id" = ? ORDER BY "users"."id" ASC LIMIT ?[0m  [["id", 1], ["LIMIT", 1]]
  Rendering layout layouts/application.html.erb
  Rendering events/index.html.erb within layouts/application
  [1m[36mEvent Load (0.1ms)[0m  [1m[34mSELECT "events".* FROM "events" WHERE "events"."user_id" = ?[0m  [["user_id", 1]]
  ↳ app/views/events/index.html.erb:17
  Rendered events/index.html.erb within layouts/application (Duration: 6.5ms | Allocations: 3462)
  Rendered shared/_user_detail.html.erb (Duration: 0.3ms | Allocations: 216)
  Rendered layout layouts/application.html.erb (Duration: 8.6ms | Allocations: 5996)
Completed 200 OK in 35ms (Views: 9.3ms | ActiveRecord: 0.4ms | Allocations: 19888)


Started GET "/events/new" for 127.0.0.1 at 2024-04-16 14:39:11 -0500
Processing by EventsController#new as HTML
  [1m[36mUser Load (0.1ms)[0m  [1m[34mSELECT "users".* FROM "users" WHERE "users"."id" = ? ORDER BY "users"."id" ASC LIMIT ?[0m  [["id", 1], ["LIMIT", 1]]
  Rendering layout layouts/application.html.erb
  Rendering events/new.html.erb within layouts/application
  Rendered events/_form.html.erb (Duration: 4.8ms | Allocations: 3136)
  Rendered events/new.html.erb within layouts/application (Duration: 5.7ms | Allocations: 3432)
  Rendered shared/_user_detail.html.erb (Duration: 0.1ms | Allocations: 194)
  Rendered layout layouts/application.html.erb (Duration: 7.7ms | Allocations: 5790)
Completed 200 OK in 19ms (Views: 8.1ms | ActiveRecord: 0.2ms | Allocations: 14031)


Started POST "/events" for 127.0.0.1 at 2024-04-16 14:39:27 -0500
Processing by EventsController#create as TURBO_STREAM
  Parameters: {"authenticity_token"=>"[FILTERED]", "event"=>{"title"=>"AB", "address"=>"TX", "description"=>"Fashion event", "datetime"=>"2024-08-12T10:00"}, "commit"=>"Create / Edit"}
  [1m[36mUser Load (0.1ms)[0m  [1m[34mSELECT "users".* FROM "users" WHERE "users"."id" = ? ORDER BY "users"."id" ASC LIMIT ?[0m  [["id", 1], ["LIMIT", 1]]
  [1m[36mTRANSACTION (0.0ms)[0m  [1m[36mbegin transaction[0m
  ↳ app/controllers/events_controller.rb:96:in `block in create'
  [1m[36mEvent Create (0.2ms)[0m  [1m[32mINSERT INTO "events" ("title", "address", "description", "datetime", "last_modified", "created_at", "updated_at", "event_avatar", "event_box_office", "user_id") VALUES (?, ?, ?, ?, ?, ?, ?, ?, ?, ?)[0m  [["title", "AB"], ["address", "TX"], ["description", "Fashion event"], ["datetime", "2024-08-12 10:00:00"], ["last_modified", nil], ["created_at", "2024-04-16 19:39:27.435150"], ["updated_at", "2024-04-16 19:39:27.435150"], ["event_avatar", nil], ["event_box_office", nil], ["user_id", 1]]
  ↳ app/controllers/events_controller.rb:96:in `block in create'
  [1m[36mTRANSACTION (5.2ms)[0m  [1m[36mcommit transaction[0m
  ↳ app/controllers/events_controller.rb:96:in `block in create'
Redirected to http://127.0.0.1:3000/events/1
Completed 302 Found in 12ms (ActiveRecord: 5.5ms | Allocations: 4965)


Started GET "/events/1" for 127.0.0.1 at 2024-04-16 14:39:27 -0500
Processing by EventsController#show as TURBO_STREAM
  Parameters: {"id"=>"1"}
  [1m[36mUser Load (0.1ms)[0m  [1m[34mSELECT "users".* FROM "users" WHERE "users"."id" = ? ORDER BY "users"."id" ASC LIMIT ?[0m  [["id", 1], ["LIMIT", 1]]
  [1m[36mEvent Load (0.1ms)[0m  [1m[34mSELECT "events".* FROM "events" WHERE "events"."user_id" = ? AND "events"."id" = ? LIMIT ?[0m  [["user_id", 1], ["id", 1], ["LIMIT", 1]]
  ↳ app/controllers/events_controller.rb:152:in `set_event'
  [1m[36mCACHE Event Load (0.0ms)[0m  [1m[34mSELECT "events".* FROM "events" WHERE "events"."user_id" = ? AND "events"."id" = ? LIMIT ?[0m  [["user_id", 1], ["id", 1], ["LIMIT", 1]]
  ↳ app/controllers/events_controller.rb:15:in `show'
  [1m[36mSeat Load (0.1ms)[0m  [1m[34mSELECT "seats".* FROM "seats" WHERE "seats"."event_id" = ?[0m  [["event_id", 1]]
  ↳ app/controllers/events_controller.rb:132:in `calculate_seating_summary'
  Rendering layout layouts/application.html.erb
  Rendering events/show.html.erb within layouts/application
  [1m[36mCACHE Seat Load (0.0ms)[0m  [1m[34mSELECT "seats".* FROM "seats" WHERE "seats"."event_id" = ?[0m  [["event_id", 1]]
  ↳ app/views/events/show.html.erb:54
  [1m[36mGuest Load (0.1ms)[0m  [1m[34mSELECT "guests".* FROM "guests" WHERE "guests"."event_id" = ?[0m  [["event_id", 1]]
  ↳ app/views/events/show.html.erb:140
  [1m[36mReferral Load (0.1ms)[0m  [1m[34mSELECT "referrals".* FROM "referrals" WHERE "referrals"."event_id" = ?[0m  [["event_id", 1]]
  ↳ app/views/events/show.html.erb:234
  Rendered events/show.html.erb within layouts/application (Duration: 3.6ms | Allocations: 4427)
  Rendered shared/_user_detail.html.erb (Duration: 0.2ms | Allocations: 195)
  Rendered layout layouts/application.html.erb (Duration: 5.7ms | Allocations: 6783)
Completed 200 OK in 22ms (Views: 5.9ms | ActiveRecord: 1.1ms | Allocations: 16421)


Started GET "/events/1/seats/new" for 127.0.0.1 at 2024-04-16 14:39:37 -0500
Processing by SeatsController#new as HTML
  Parameters: {"event_id"=>"1"}
  [1m[36mEvent Load (0.2ms)[0m  [1m[34mSELECT "events".* FROM "events" WHERE "events"."id" = ? LIMIT ?[0m  [["id", 1], ["LIMIT", 1]]
  ↳ app/controllers/seats_controller.rb:92:in `get_event'
  Rendering layout layouts/application.html.erb
  Rendering seats/new.html.erb within layouts/application
  Rendered seats/_form.html.erb (Duration: 3.6ms | Allocations: 1772)
  Rendered seats/new.html.erb within layouts/application (Duration: 5.0ms | Allocations: 2105)
  [1m[36mUser Load (0.1ms)[0m  [1m[34mSELECT "users".* FROM "users" WHERE "users"."id" = ? ORDER BY "users"."id" ASC LIMIT ?[0m  [["id", 1], ["LIMIT", 1]]
  ↳ app/views/shared/_user_detail.html.erb:4
  Rendered shared/_user_detail.html.erb (Duration: 1.2ms | Allocations: 1001)
  Rendered layout layouts/application.html.erb (Duration: 8.2ms | Allocations: 5370)
Completed 200 OK in 17ms (Views: 9.2ms | ActiveRecord: 0.4ms | Allocations: 11179)


Started GET "/events/1/seats" for 127.0.0.1 at 2024-04-16 14:39:47 -0500
Processing by SeatsController#index as HTML
  Parameters: {"event_id"=>"1"}
  [1m[36mEvent Load (0.1ms)[0m  [1m[34mSELECT "events".* FROM "events" WHERE "events"."id" = ? LIMIT ?[0m  [["id", 1], ["LIMIT", 1]]
  ↳ app/controllers/seats_controller.rb:92:in `get_event'
  Rendering layout layouts/application.html.erb
  Rendering seats/index.html.erb within layouts/application
  [1m[36mSeat Load (0.1ms)[0m  [1m[34mSELECT "seats".* FROM "seats" WHERE "seats"."event_id" = ?[0m  [["event_id", 1]]
  ↳ app/views/seats/index.html.erb:6
  Rendered seats/index.html.erb within layouts/application (Duration: 3.4ms | Allocations: 2092)
  [1m[36mUser Load (0.1ms)[0m  [1m[34mSELECT "users".* FROM "users" WHERE "users"."id" = ? ORDER BY "users"."id" ASC LIMIT ?[0m  [["id", 1], ["LIMIT", 1]]
  ↳ app/views/shared/_user_detail.html.erb:4
  Rendered shared/_user_detail.html.erb (Duration: 1.9ms | Allocations: 980)
  Rendered layout layouts/application.html.erb (Duration: 8.0ms | Allocations: 5231)
Completed 200 OK in 10ms (Views: 8.3ms | ActiveRecord: 0.3ms | Allocations: 6113)


Started GET "/events/1" for 127.0.0.1 at 2024-04-16 14:39:49 -0500
Processing by EventsController#show as HTML
  Parameters: {"id"=>"1"}
  [1m[36mUser Load (0.1ms)[0m  [1m[34mSELECT "users".* FROM "users" WHERE "users"."id" = ? ORDER BY "users"."id" ASC LIMIT ?[0m  [["id", 1], ["LIMIT", 1]]
  [1m[36mEvent Load (0.1ms)[0m  [1m[34mSELECT "events".* FROM "events" WHERE "events"."user_id" = ? AND "events"."id" = ? LIMIT ?[0m  [["user_id", 1], ["id", 1], ["LIMIT", 1]]
  ↳ app/controllers/events_controller.rb:152:in `set_event'
  [1m[36mCACHE Event Load (0.0ms)[0m  [1m[34mSELECT "events".* FROM "events" WHERE "events"."user_id" = ? AND "events"."id" = ? LIMIT ?[0m  [["user_id", 1], ["id", 1], ["LIMIT", 1]]
  ↳ app/controllers/events_controller.rb:15:in `show'
  [1m[36mSeat Load (0.0ms)[0m  [1m[34mSELECT "seats".* FROM "seats" WHERE "seats"."event_id" = ?[0m  [["event_id", 1]]
  ↳ app/controllers/events_controller.rb:132:in `calculate_seating_summary'
  Rendering layout layouts/application.html.erb
  Rendering events/show.html.erb within layouts/application
  [1m[36mCACHE Seat Load (0.0ms)[0m  [1m[34mSELECT "seats".* FROM "seats" WHERE "seats"."event_id" = ?[0m  [["event_id", 1]]
  ↳ app/views/events/show.html.erb:54
  [1m[36mGuest Load (0.0ms)[0m  [1m[34mSELECT "guests".* FROM "guests" WHERE "guests"."event_id" = ?[0m  [["event_id", 1]]
  ↳ app/views/events/show.html.erb:140
  [1m[36mReferral Load (0.1ms)[0m  [1m[34mSELECT "referrals".* FROM "referrals" WHERE "referrals"."event_id" = ?[0m  [["event_id", 1]]
  ↳ app/views/events/show.html.erb:234
  Rendered events/show.html.erb within layouts/application (Duration: 2.5ms | Allocations: 2434)
  Rendered shared/_user_detail.html.erb (Duration: 0.1ms | Allocations: 195)
  Rendered layout layouts/application.html.erb (Duration: 4.4ms | Allocations: 4786)
Completed 200 OK in 9ms (Views: 4.6ms | ActiveRecord: 0.3ms | Allocations: 8679)


Started GET "/events/1/seats/new" for 127.0.0.1 at 2024-04-16 14:41:26 -0500
Processing by SeatsController#new as HTML
  Parameters: {"event_id"=>"1"}
  [1m[36mEvent Load (0.3ms)[0m  [1m[34mSELECT "events".* FROM "events" WHERE "events"."id" = ? LIMIT ?[0m  [["id", 1], ["LIMIT", 1]]
  ↳ app/controllers/seats_controller.rb:92:in `get_event'
  Rendering layout layouts/application.html.erb
  Rendering seats/new.html.erb within layouts/application
  Rendered seats/_form.html.erb (Duration: 3.0ms | Allocations: 1849)
  Rendered seats/new.html.erb within layouts/application (Duration: 3.7ms | Allocations: 2173)
  [1m[36mUser Load (0.1ms)[0m  [1m[34mSELECT "users".* FROM "users" WHERE "users"."id" = ? ORDER BY "users"."id" ASC LIMIT ?[0m  [["id", 1], ["LIMIT", 1]]
  ↳ app/views/shared/_user_detail.html.erb:4
  Rendered shared/_user_detail.html.erb (Duration: 1.9ms | Allocations: 1238)
  Rendered layout layouts/application.html.erb (Duration: 8.4ms | Allocations: 5949)
Completed 200 OK in 15ms (Views: 10.0ms | ActiveRecord: 0.4ms | Allocations: 7399)


